<?xml version="1.0" encoding="UTF-8"?>
<testng-results ignored="0" total="1" passed="1" failed="0" skipped="0">
  <reporter-output>
  </reporter-output>
  <suite started-at="2022-07-01T13:28:32 EET" name="Surefire suite" finished-at="2022-07-01T13:29:30 EET" duration-ms="58511">
    <groups>
    </groups>
    <test started-at="2022-07-01T13:28:32 EET" name="Surefire test" finished-at="2022-07-01T13:29:30 EET" duration-ms="58511">
      <class name="com.ejada.coursera_appium_android.AppTest">
        <test-method is-config="true" signature="SetUp()[pri:0, instance:com.ejada.coursera_appium_android.AppTest@d21a74c]" started-at="2022-07-01T13:28:32 EET" name="SetUp" finished-at="2022-07-01T13:29:22 EET" duration-ms="49629" status="PASS">
          <reporter-output>
          </reporter-output>
        </test-method> <!-- SetUp -->
        <test-method signature="Login_test()[pri:0, instance:com.ejada.coursera_appium_android.AppTest@d21a74c]" started-at="2022-07-01T13:29:22 EET" name="Login_test" finished-at="2022-07-01T13:29:29 EET" duration-ms="7646" status="PASS">
          <reporter-output>
          </reporter-output>
        </test-method> <!-- Login_test -->
        <test-method is-config="true" signature="TearDown()[pri:0, instance:com.ejada.coursera_appium_android.AppTest@d21a74c]" started-at="2022-07-01T13:29:29 EET" name="TearDown" finished-at="2022-07-01T13:29:30 EET" duration-ms="1179" status="PASS">
          <reporter-output>
          </reporter-output>
        </test-method> <!-- TearDown -->
      </class> <!-- com.ejada.coursera_appium_android.AppTest -->
    </test> <!-- Surefire test -->
  </suite> <!-- Surefire suite -->
</testng-results>
