<?xml version="1.0" encoding="UTF-8"?>
<testng-results ignored="0" total="2" passed="2" failed="0" skipped="0">
  <reporter-output>
  </reporter-output>
  <suite started-at="2022-07-05T09:54:28 EET" name="Suite" finished-at="2022-07-05T09:55:47 EET" duration-ms="79909">
    <groups>
    </groups>
    <test started-at="2022-07-05T09:54:28 EET" name="Test" finished-at="2022-07-05T09:55:47 EET" duration-ms="79909">
      <class name="com.ejada.coursera_appium_android.LoginTest_2">
        <test-method is-config="true" signature="SetUp()[pri:0, instance:com.ejada.coursera_appium_android.LoginTest_2@3c01cfa1]" started-at="2022-07-05T09:55:13 EET" name="SetUp" description="SetUp appium driver with browserstack cloud" finished-at="2022-07-05T09:55:39 EET" duration-ms="26042" status="PASS">
          <reporter-output>
          </reporter-output>
        </test-method> <!-- SetUp -->
        <test-method signature="Login_test()[pri:0, instance:com.ejada.coursera_appium_android.LoginTest_2@3c01cfa1]" started-at="2022-07-05T09:55:39 EET" name="Login_test" description="Login with valid input/data " finished-at="2022-07-05T09:55:44 EET" duration-ms="4846" status="PASS">
          <reporter-output>
          </reporter-output>
        </test-method> <!-- Login_test -->
        <test-method is-config="true" signature="TearDown()[pri:0, instance:com.ejada.coursera_appium_android.LoginTest_2@3c01cfa1]" started-at="2022-07-05T09:55:47 EET" name="TearDown" description="close the session" finished-at="2022-07-05T09:55:47 EET" duration-ms="824" status="PASS">
          <reporter-output>
          </reporter-output>
        </test-method> <!-- TearDown -->
      </class> <!-- com.ejada.coursera_appium_android.LoginTest_2 -->
      <class name="com.ejada.coursera_appium_android.LoginTest_1">
        <test-method is-config="true" signature="setAllureEnvironment()[pri:0, instance:com.ejada.coursera_appium_android.LoginTest_1@7e19ebf0]" started-at="2022-07-05T09:54:28 EET" name="setAllureEnvironment" finished-at="2022-07-05T09:54:28 EET" duration-ms="67" status="PASS">
          <reporter-output>
          </reporter-output>
        </test-method> <!-- setAllureEnvironment -->
        <test-method is-config="true" signature="SetUp()[pri:0, instance:com.ejada.coursera_appium_android.LoginTest_1@7e19ebf0]" started-at="2022-07-05T09:54:28 EET" name="SetUp" description="SetUp appium driver with browserstack cloud" finished-at="2022-07-05T09:55:13 EET" duration-ms="45340" status="PASS">
          <reporter-output>
          </reporter-output>
        </test-method> <!-- SetUp -->
        <test-method signature="Login_test()[pri:0, instance:com.ejada.coursera_appium_android.LoginTest_1@7e19ebf0]" started-at="2022-07-05T09:55:39 EET" name="Login_test" description="Login with invalid input" finished-at="2022-07-05T09:55:46 EET" duration-ms="6930" status="PASS">
          <reporter-output>
          </reporter-output>
        </test-method> <!-- Login_test -->
        <test-method is-config="true" signature="TearDown()[pri:0, instance:com.ejada.coursera_appium_android.LoginTest_1@7e19ebf0]" started-at="2022-07-05T09:55:46 EET" name="TearDown" description="close the session" finished-at="2022-07-05T09:55:47 EET" duration-ms="740" status="PASS">
          <reporter-output>
          </reporter-output>
        </test-method> <!-- TearDown -->
      </class> <!-- com.ejada.coursera_appium_android.LoginTest_1 -->
    </test> <!-- Test -->
  </suite> <!-- Suite -->
</testng-results>
